# JRE version: Java(TM) SE Runtime Environment (21.0.2+13) (build 21.0.2+13-LTS-58)
# Java VM: Java HotSpot(TM) 64-Bit Server VM (21.0.2+13-LTS-58, mixed mode, sharing, tiered, compressed oops, compressed class ptrs, g1 gc, windows-amd64)
GC Precious Log:
 CardTable entry size: 512
 Card Set container configuration: InlinePtr #cards 5 size 8 Array Of Cards #cards 12 size 40 Howl #buckets 4 coarsen threshold 1843 Howl Bitmap #cards 512 size 80 coarsen threshold 460 Card regions per heap region 1 cards per card region 2048
 CPUs: 16 total, 16 available
 Memory: 23983M
 Large Page Support: Disabled
 NUMA Support: Disabled
 Compressed Oops: Enabled (32-bit)
 Heap Region Size: 1M
 Heap Min Capacity: 8M
 Heap Initial Capacity: 376M
 Heap Max Capacity: 2G
 Pre-touch: Disabled
 Parallel Workers: 13
 Concurrent Workers: 3
 Concurrent Refinement Workers: 13
 Periodic GC: Disabled
Heap:
 garbage-first heap   total 318464K, used 119891K [0x0000000080000000, 0x0000000100000000)
  region size 1024K, 23 young (23552K), 2 survivors (2048K)
 Metaspace       used 111741K, committed 113856K, reserved 1179648K
  class space    used 15018K, committed 16064K, reserved 1048576K
GC Heap History (20 events):
Event: 18.590 GC heap before
{Heap before GC invocations=38 (full 0):
 garbage-first heap   total 196608K, used 179015K [0x0000000080000000, 0x0000000100000000)
  region size 1024K, 86 young (88064K), 4 survivors (4096K)
 Metaspace       used 105058K, committed 107136K, reserved 1179648K
  class space    used 14222K, committed 15232K, reserved 1048576K
}
Event: 18.598 GC heap after
{Heap after GC invocations=39 (full 0):
 garbage-first heap   total 196608K, used 95566K [0x0000000080000000, 0x0000000100000000)
  region size 1024K, 4 young (4096K), 4 survivors (4096K)
 Metaspace       used 105058K, committed 107136K, reserved 1179648K
  class space    used 14222K, committed 15232K, reserved 1048576K
}
Event: 19.339 GC heap before
{Heap before GC invocations=39 (full 0):
 garbage-first heap   total 196608K, used 178510K [0x0000000080000000, 0x0000000100000000)
  region size 1024K, 86 young (88064K), 4 survivors (4096K)
 Metaspace       used 105372K, committed 107456K, reserved 1179648K
  class space    used 14246K, committed 15296K, reserved 1048576K
}
Event: 19.348 GC heap after
{Heap after GC invocations=40 (full 0):
 garbage-first heap   total 196608K, used 98240K [0x0000000080000000, 0x0000000100000000)
  region size 1024K, 6 young (6144K), 6 survivors (6144K)
 Metaspace       used 105372K, committed 107456K, reserved 1179648K
  class space    used 14246K, committed 15296K, reserved 1048576K
}
Event: 20.365 GC heap before
{Heap before GC invocations=41 (full 0):
 garbage-first heap   total 196608K, used 179136K [0x0000000080000000, 0x0000000100000000)
  region size 1024K, 84 young (86016K), 6 survivors (6144K)
 Metaspace       used 105529K, committed 107648K, reserved 1179648K
  class space    used 14247K, committed 15296K, reserved 1048576K
}
Event: 20.373 GC heap after
{Heap after GC invocations=42 (full 0):
 garbage-first heap   total 196608K, used 97754K [0x0000000080000000, 0x0000000100000000)
  region size 1024K, 4 young (4096K), 4 survivors (4096K)
 Metaspace       used 105529K, committed 107648K, reserved 1179648K
  class space    used 14247K, committed 15296K, reserved 1048576K
}
Event: 20.952 GC heap before
{Heap before GC invocations=42 (full 0):
 garbage-first heap   total 196608K, used 182746K [0x0000000080000000, 0x0000000100000000)
  region size 1024K, 85 young (87040K), 4 survivors (4096K)
 Metaspace       used 105569K, committed 107648K, reserved 1179648K
  class space    used 14247K, committed 15296K, reserved 1048576K
}
Event: 20.958 GC heap after
{Heap after GC invocations=43 (full 0):
 garbage-first heap   total 196608K, used 98151K [0x0000000080000000, 0x0000000100000000)
  region size 1024K, 5 young (5120K), 5 survivors (5120K)
 Metaspace       used 105569K, committed 107648K, reserved 1179648K
  class space    used 14247K, committed 15296K, reserved 1048576K
}
Event: 21.132 GC heap before
{Heap before GC invocations=43 (full 0):
 garbage-first heap   total 196608K, used 114535K [0x0000000080000000, 0x0000000100000000)
  region size 1024K, 22 young (22528K), 5 survivors (5120K)
 Metaspace       used 105569K, committed 107648K, reserved 1179648K
  class space    used 14247K, committed 15296K, reserved 1048576K
}
Event: 21.137 GC heap after
{Heap after GC invocations=44 (full 0):
 garbage-first heap   total 196608K, used 99532K [0x0000000080000000, 0x0000000100000000)
  region size 1024K, 7 young (7168K), 7 survivors (7168K)
 Metaspace       used 105569K, committed 107648K, reserved 1179648K
  class space    used 14247K, committed 15296K, reserved 1048576K
}
Event: 21.898 GC heap before
{Heap before GC invocations=45 (full 0):
 garbage-first heap   total 196608K, used 177356K [0x0000000080000000, 0x0000000100000000)
  region size 1024K, 83 young (84992K), 7 survivors (7168K)
 Metaspace       used 105752K, committed 107840K, reserved 1179648K
  class space    used 14254K, committed 15296K, reserved 1048576K
}
Event: 21.902 GC heap after
{Heap after GC invocations=46 (full 0):
 garbage-first heap   total 196608K, used 94110K [0x0000000080000000, 0x0000000100000000)
  region size 1024K, 1 young (1024K), 1 survivors (1024K)
 Metaspace       used 105752K, committed 107840K, reserved 1179648K
  class space    used 14254K, committed 15296K, reserved 1048576K
}
Event: 23.339 GC heap before
{Heap before GC invocations=46 (full 0):
 garbage-first heap   total 196608K, used 188318K [0x0000000080000000, 0x0000000100000000)
  region size 1024K, 88 young (90112K), 1 survivors (1024K)
 Metaspace       used 107109K, committed 109184K, reserved 1179648K
  class space    used 14467K, committed 15488K, reserved 1048576K
}
Event: 23.346 GC heap after
{Heap after GC invocations=47 (full 0):
 garbage-first heap   total 197632K, used 101502K [0x0000000080000000, 0x0000000100000000)
  region size 1024K, 6 young (6144K), 6 survivors (6144K)
 Metaspace       used 107109K, committed 109184K, reserved 1179648K
  class space    used 14467K, committed 15488K, reserved 1048576K
}
Event: 23.427 GC heap before
{Heap before GC invocations=47 (full 0):
 garbage-first heap   total 197632K, used 112766K [0x0000000080000000, 0x0000000100000000)
  region size 1024K, 18 young (18432K), 6 survivors (6144K)
 Metaspace       used 107150K, committed 109248K, reserved 1179648K
  class space    used 14467K, committed 15488K, reserved 1048576K
}
Event: 23.431 GC heap after
{Heap after GC invocations=48 (full 0):
 garbage-first heap   total 197632K, used 102702K [0x0000000080000000, 0x0000000100000000)
  region size 1024K, 7 young (7168K), 7 survivors (7168K)
 Metaspace       used 107150K, committed 109248K, reserved 1179648K
  class space    used 14467K, committed 15488K, reserved 1048576K
}
Event: 24.586 GC heap before
{Heap before GC invocations=49 (full 0):
 garbage-first heap   total 197632K, used 163118K [0x0000000080000000, 0x0000000100000000)
  region size 1024K, 68 young (69632K), 7 survivors (7168K)
 Metaspace       used 109427K, committed 111616K, reserved 1179648K
  class space    used 14726K, committed 15808K, reserved 1048576K
}
Event: 24.590 GC heap after
{Heap after GC invocations=50 (full 0):
 garbage-first heap   total 197632K, used 99358K [0x0000000080000000, 0x0000000100000000)
  region size 1024K, 6 young (6144K), 6 survivors (6144K)
 Metaspace       used 109427K, committed 111616K, reserved 1179648K
  class space    used 14726K, committed 15808K, reserved 1048576K
}
Event: 25.009 GC heap before
{Heap before GC invocations=50 (full 0):
 garbage-first heap   total 310272K, used 308254K [0x0000000080000000, 0x0000000100000000)
  region size 1024K, 17 young (17408K), 6 survivors (6144K)
 Metaspace       used 110104K, committed 112256K, reserved 1179648K
  class space    used 14819K, committed 15872K, reserved 1048576K
}
Event: 25.016 GC heap after
{Heap after GC invocations=51 (full 0):
 garbage-first heap   total 318464K, used 99411K [0x0000000080000000, 0x0000000100000000)
  region size 1024K, 2 young (2048K), 2 survivors (2048K)
 Metaspace       used 110104K, committed 112256K, reserved 1179648K
  class space    used 14819K, committed 15872K, reserved 1048576K
}

