# JRE version: Java(TM) SE Runtime Environment (21.0.2+13) (build 21.0.2+13-LTS-58)
# Java VM: Java HotSpot(TM) 64-Bit Server VM (21.0.2+13-LTS-58, mixed mode, sharing, tiered, compressed oops, compressed class ptrs, g1 gc, windows-amd64)
GC Precious Log:
 CardTable entry size: 512
 Card Set container configuration: InlinePtr #cards 5 size 8 Array Of Cards #cards 12 size 40 Howl #buckets 4 coarsen threshold 1843 Howl Bitmap #cards 512 size 80 coarsen threshold 460 Card regions per heap region 1 cards per card region 2048
 CPUs: 16 total, 16 available
 Memory: 23983M
 Large Page Support: Disabled
 NUMA Support: Disabled
 Compressed Oops: Enabled (32-bit)
 Heap Region Size: 1M
 Heap Min Capacity: 8M
 Heap Initial Capacity: 376M
 Heap Max Capacity: 2G
 Pre-touch: Disabled
 Parallel Workers: 13
 Concurrent Workers: 3
 Concurrent Refinement Workers: 13
 Periodic GC: Disabled
Heap:
 garbage-first heap   total 103424K, used 49088K [0x0000000080000000, 0x0000000100000000)
  region size 1024K, 19 young (19456K), 6 survivors (6144K)
 Metaspace       used 45127K, committed 46528K, reserved 1114112K
  class space    used 6625K, committed 7296K, reserved 1048576K
GC Heap History (14 events):
Event: 1.245 GC heap before
{Heap before GC invocations=0 (full 0):
 garbage-first heap   total 385024K, used 26624K [0x0000000080000000, 0x0000000100000000)
  region size 1024K, 23 young (23552K), 0 survivors (0K)
 Metaspace       used 3199K, committed 3392K, reserved 1114112K
  class space    used 389K, committed 448K, reserved 1048576K
}
Event: 1.250 GC heap after
{Heap after GC invocations=1 (full 0):
 garbage-first heap   total 385024K, used 10359K [0x0000000080000000, 0x0000000100000000)
  region size 1024K, 3 young (3072K), 3 survivors (3072K)
 Metaspace       used 3199K, committed 3392K, reserved 1114112K
  class space    used 389K, committed 448K, reserved 1048576K
}
Event: 1.771 GC heap before
{Heap before GC invocations=1 (full 0):
 garbage-first heap   total 385024K, used 40055K [0x0000000080000000, 0x0000000100000000)
  region size 1024K, 32 young (32768K), 3 survivors (3072K)
 Metaspace       used 4106K, committed 4288K, reserved 1114112K
  class space    used 486K, committed 576K, reserved 1048576K
}
Event: 1.776 GC heap after
{Heap after GC invocations=2 (full 0):
 garbage-first heap   total 385024K, used 14473K [0x0000000080000000, 0x0000000100000000)
  region size 1024K, 4 young (4096K), 4 survivors (4096K)
 Metaspace       used 4106K, committed 4288K, reserved 1114112K
  class space    used 486K, committed 576K, reserved 1048576K
}
Event: 3.781 GC heap before
{Heap before GC invocations=2 (full 0):
 garbage-first heap   total 385024K, used 95369K [0x0000000080000000, 0x0000000100000000)
  region size 1024K, 84 young (86016K), 4 survivors (4096K)
 Metaspace       used 20751K, committed 21504K, reserved 1114112K
  class space    used 3051K, committed 3456K, reserved 1048576K
}
Event: 3.789 GC heap after
{Heap after GC invocations=3 (full 0):
 garbage-first heap   total 385024K, used 22319K [0x0000000080000000, 0x0000000100000000)
  region size 1024K, 12 young (12288K), 12 survivors (12288K)
 Metaspace       used 20751K, committed 21504K, reserved 1114112K
  class space    used 3051K, committed 3456K, reserved 1048576K
}
Event: 4.989 GC heap before
{Heap before GC invocations=4 (full 0):
 garbage-first heap   total 86016K, used 83759K [0x0000000080000000, 0x0000000100000000)
  region size 1024K, 73 young (74752K), 12 survivors (12288K)
 Metaspace       used 29251K, committed 30528K, reserved 1114112K
  class space    used 4366K, committed 4992K, reserved 1048576K
}
Event: 4.996 GC heap after
{Heap after GC invocations=5 (full 0):
 garbage-first heap   total 103424K, used 27583K [0x0000000080000000, 0x0000000100000000)
  region size 1024K, 17 young (17408K), 17 survivors (17408K)
 Metaspace       used 29251K, committed 30528K, reserved 1114112K
  class space    used 4366K, committed 4992K, reserved 1048576K
}
Event: 5.352 GC heap before
{Heap before GC invocations=5 (full 0):
 garbage-first heap   total 103424K, used 49087K [0x0000000080000000, 0x0000000100000000)
  region size 1024K, 40 young (40960K), 17 survivors (17408K)
 Metaspace       used 34842K, committed 36096K, reserved 1114112K
  class space    used 4950K, committed 5568K, reserved 1048576K
}
Event: 5.404 GC heap after
{Heap after GC invocations=6 (full 0):
 garbage-first heap   total 103424K, used 32229K [0x0000000080000000, 0x0000000100000000)
  region size 1024K, 6 young (6144K), 6 survivors (6144K)
 Metaspace       used 34842K, committed 36096K, reserved 1114112K
  class space    used 4950K, committed 5568K, reserved 1048576K
}
Event: 5.544 GC heap before
{Heap before GC invocations=6 (full 0):
 garbage-first heap   total 103424K, used 53733K [0x0000000080000000, 0x0000000100000000)
  region size 1024K, 28 young (28672K), 6 survivors (6144K)
 Metaspace       used 35169K, committed 36416K, reserved 1114112K
  class space    used 4974K, committed 5632K, reserved 1048576K
}
Event: 5.548 GC heap after
{Heap after GC invocations=7 (full 0):
 garbage-first heap   total 103424K, used 33216K [0x0000000080000000, 0x0000000100000000)
  region size 1024K, 3 young (3072K), 3 survivors (3072K)
 Metaspace       used 35169K, committed 36416K, reserved 1114112K
  class space    used 4974K, committed 5632K, reserved 1048576K
}
Event: 6.700 GC heap before
{Heap before GC invocations=8 (full 0):
 garbage-first heap   total 103424K, used 88512K [0x0000000080000000, 0x0000000100000000)
  region size 1024K, 54 young (55296K), 3 survivors (3072K)
 Metaspace       used 43359K, committed 44736K, reserved 1114112K
  class space    used 6380K, committed 7040K, reserved 1048576K
}
Event: 6.704 GC heap after
{Heap after GC invocations=9 (full 0):
 garbage-first heap   total 103424K, used 36800K [0x0000000080000000, 0x0000000100000000)
  region size 1024K, 6 young (6144K), 6 survivors (6144K)
 Metaspace       used 43359K, committed 44736K, reserved 1114112K
  class space    used 6380K, committed 7040K, reserved 1048576K
}

